Progress Logs
-------------
Sensors With Data in Time Range: 3
Sensors Without Data in Time Range: 0

Sensors Not Found: 0
Invalid Sensor Indexes: 0
Sensor Indexes Encountering Other Errors: 0
Sensor Indexes Not Processed: 0

Start Timestamp: 2025-07-16T00:00:00-04:00
End Timestamp: 2025-07-17T00:00:00-04:00
Average: 0
Fields: temperature,pressure,humidity,pm10.0_atm,pm1.0_atm,pm2.5_atm
Total Data Rows Downloaded: 2146

Number of Sensors: 3
Number of Read Keys: 0

Download Started at: 2025-07-31T14:31:07-04:00
Download Ended   at: 2025-07-31T14:31:13-04:00
Download Took: 7 seconds

-------------
Sensor Indexes Not Found:


Invalid Sensor Indexes:


Sensors Without Any Data For Specified Time Period:


Sensors Where No Download Was Attempted Yet Due to Process Being Aborted:


Aborted on Sensors:


Sensors With Number of Downloaded Data Rows:
140062 : 720 data rows
188617 : 720 data rows
188651 : 706 data rows
  

-------------
Starting requests for sensor 188651.
Making request 1 from 2025-07-16 to 2025-07-17
Data download completed for sensor 188651. Downloaded 706 rows of data.

Starting requests for sensor 140062.
Making request 2 from 2025-07-16 to 2025-07-17
Data download completed for sensor 140062. Downloaded 720 rows of data.

Starting requests for sensor 188617.
Making request 3 from 2025-07-16 to 2025-07-17
Data download completed for sensor 188617. Downloaded 720 rows of data.


Download request has been completed. Scroll down for a summary:
--------------------------------------
