Progress Logs
-------------
Sensors With Data in Time Range: 1
Sensors Without Data in Time Range: 0

Sensors Not Found: 0
Invalid Sensor Indexes: 0
Sensor Indexes Encountering Other Errors: 0
Sensor Indexes Not Processed: 0

Start Timestamp: 2025-07-24T00:00:00-04:00
End Timestamp: 2025-07-25T00:00:00-04:00
Average: 0
Fields: temperature,pressure,humidity,pm10.0_atm,pm1.0_atm,pm2.5_atm
Total Data Rows Downloaded: 720

Number of Sensors: 1
Number of Read Keys: 0

Download Started at: 2025-08-04T13:51:04-04:00
Download Ended   at: 2025-08-04T13:51:06-04:00
Download Took: 2 seconds

-------------
Sensor Indexes Not Found:


Invalid Sensor Indexes:


Sensors Without Any Data For Specified Time Period:


Sensors Where No Download Was Attempted Yet Due to Process Being Aborted:


Aborted on Sensors:


Sensors With Number of Downloaded Data Rows:
257889 : 720 data rows
  

-------------
Starting requests for sensor 257889.
Making request 1 from 2025-07-24 to 2025-07-25
Data download completed for sensor 257889. Downloaded 720 rows of data.


Download request has been completed. Scroll down for a summary:
--------------------------------------
