Progress Logs
-------------
Sensors With Data in Time Range: 3
Sensors Without Data in Time Range: 0

Sensors Not Found: 0
Invalid Sensor Indexes: 0
Sensor Indexes Encountering Other Errors: 0
Sensor Indexes Not Processed: 0

Start Timestamp: 2025-07-24T00:00:00-04:00
End Timestamp: 2025-07-25T00:00:00-04:00
Average: 0
Fields: temperature,pressure,humidity,pm10.0_atm,pm1.0_atm,pm2.5_atm
Total Data Rows Downloaded: 2159

Number of Sensors: 3
Number of Read Keys: 0

Download Started at: 2025-07-31T14:33:32-04:00
Download Ended   at: 2025-07-31T14:33:38-04:00
Download Took: 6 seconds

-------------
Sensor Indexes Not Found:


Invalid Sensor Indexes:


Sensors Without Any Data For Specified Time Period:


Sensors Where No Download Was Attempted Yet Due to Process Being Aborted:


Aborted on Sensors:


Sensors With Number of Downloaded Data Rows:
43527 : 720 data rows
82031 : 719 data rows
114761 : 720 data rows
  

-------------
Starting requests for sensor 82031.
Making request 1 from 2025-07-24 to 2025-07-25
Data download completed for sensor 82031. Downloaded 719 rows of data.

Starting requests for sensor 114761.
Making request 2 from 2025-07-24 to 2025-07-25
Data download completed for sensor 114761. Downloaded 720 rows of data.

Starting requests for sensor 43527.
Making request 3 from 2025-07-24 to 2025-07-25
Data download completed for sensor 43527. Downloaded 720 rows of data.


Download request has been completed. Scroll down for a summary:
--------------------------------------
