Progress Logs
-------------
Sensors With Data in Time Range: 3
Sensors Without Data in Time Range: 0

Sensors Not Found: 0
Invalid Sensor Indexes: 0
Sensor Indexes Encountering Other Errors: 0
Sensor Indexes Not Processed: 0

Start Timestamp: 2025-07-14T00:00:00-04:00
End Timestamp: 2025-07-15T00:00:00-04:00
Average: 0
Fields: temperature,pressure,humidity,pm10.0_atm,pm1.0_atm,pm2.5_atm
Total Data Rows Downloaded: 2160

Number of Sensors: 3
Number of Read Keys: 0

Download Started at: 2025-07-31T14:35:33-04:00
Download Ended   at: 2025-07-31T14:35:39-04:00
Download Took: 6 seconds

-------------
Sensor Indexes Not Found:


Invalid Sensor Indexes:


Sensors Without Any Data For Specified Time Period:


Sensors Where No Download Was Attempted Yet Due to Process Being Aborted:


Aborted on Sensors:


Sensors With Number of Downloaded Data Rows:
29183 : 720 data rows
56593 : 720 data rows
143784 : 720 data rows
  

-------------
Starting requests for sensor 56593.
Making request 1 from 2025-07-14 to 2025-07-15
Data download completed for sensor 56593. Downloaded 720 rows of data.

Starting requests for sensor 29183.
Making request 2 from 2025-07-14 to 2025-07-15
Data download completed for sensor 29183. Downloaded 720 rows of data.

Starting requests for sensor 143784.
Making request 3 from 2025-07-14 to 2025-07-15
Data download completed for sensor 143784. Downloaded 720 rows of data.


Download request has been completed. Scroll down for a summary:
--------------------------------------
